#
# There is insufficient memory for the Java Runtime Environment to continue.
# Native memory allocation (malloc) failed to allocate 2747552 bytes for Chunk::new
# Possible reasons:
#   The system is out of physical RAM or swap space
#   The process is running with CompressedOops enabled, and the Java Heap may be blocking the growth of the native heap
# Possible solutions:
#   Reduce memory load on the system
#   Increase physical memory or swap space
#   Check if swap backing store is full
#   Decrease Java heap size (-Xmx/-Xms)
#   Decrease number of Java threads
#   Decrease Java thread stack sizes (-Xss)
#   Set larger code cache with -XX:ReservedCodeCacheSize=
#   JVM is running with Zero Based Compressed Oops mode in which the Java heap is
#     placed in the first 32GB address space. The Java Heap base address is the
#     maximum limit for the native heap growth. Please use -XX:HeapBaseMinAddress
#     to set the Java Heap base and to place the Java Heap above 32GB virtual address.
# This output file may be truncated or incomplete.
#
#  Out of Memory Error (arena.cpp:189), pid=13480, tid=13332
#
# JRE version: OpenJDK Runtime Environment Temurin-17.0.1+12 (17.0.1+12) (build 17.0.1+12)
# Java VM: OpenJDK 64-Bit Server VM Temurin-17.0.1+12 (17.0.1+12, mixed mode, sharing, tiered, compressed oops, compressed class ptrs, g1 gc, windows-amd64)
# No core dump will be written. Minidumps are not enabled by default on client versions of Windows
#

---------------  S U M M A R Y ------------

Command Line: -Dforge.logging.console.level=debug -Dforge.logging.markers=REGISTRIES -DlegacyClassPath.file=C:\Users\Jexel\Desktop\RedDragonMod\build\classpath\runClient_minecraftClasspath.txt -DignoreList=bootstraplauncher,securejarhandler,asm-commons,asm-util,asm-analysis,asm-tree,asm,client-extra,fmlcore,javafmllanguage,mclanguage,forge- -DnativesDirectory=C:\Users\Jexel\Desktop\RedDragonMod\build\natives -DmergeModules=jna-5.8.0.jar,jna-platform-58.0.jar,java-objc-bridge-1.0.0.jar --module-path=C:\Users\Jexel\.gradle\caches\modules-2\files-2.1\cpw.mods\bootstraplauncher\0.1.17\899fb8e3912bb7d14a6f9611de117f77db710ec3\bootstraplauncher-0.1.17.jar;C:\Users\Jexel\.gradle\caches\modules-2\files-2.1\cpw.mods\securejarhandler\0.9.54\24b670f2c026ec9777e64a2c2126ebc8635dbe8d\securejarhandler-0.9.54.jar;C:\Users\Jexel\.gradle\caches\modules-2\files-2.1\org.ow2.asm\asm-commons\9.1\8b971b182eb5cf100b9e8d4119152d83e00e0fdd\asm-commons-9.1.jar;C:\Users\Jexel\.gradle\caches\modules-2\files-2.1\org.ow2.asm\asm-util\9.1\36464a45d871779f3383a8a9aba2b26562a86729\asm-util-9.1.jar;C:\Users\Jexel\.gradle\caches\modules-2\files-2.1\org.ow2.asm\asm-analysis\9.1\4f61b83b81d8b659958f4bcc48907e93ecea55a0\asm-analysis-9.1.jar;C:\Users\Jexel\.gradle\caches\modules-2\files-2.1\org.ow2.asm\asm-tree\9.1\c333f2a855069cb8eb17a40a3eb8b1b67755d0eb\asm-tree-9.1.jar;C:\Users\Jexel\.gradle\caches\modules-2\files-2.1\org.ow2.asm\asm\9.1\a99500cf6eea30535eeac6be73899d048f8d12a8\asm-9.1.jar --add-modules=ALL-MODULE-PATH --add-opens=java.base/java.util.jar=cpw.mods.securejarhandler --add-exports=java.base/sun.security.util=cpw.mods.securejarhandler --add-exports=jdk.naming.dns/com.sun.jndi.dns=java.naming -XX:HeapDumpPath=MojangTricksIntelDriversForPerformance_javaw.exe_minecraft.exe.heapdump -Dos.name=Windows 10 -Dos.version=10.0 -javaagent:C:\Program Files\JetBrains\IntelliJ IDEA Community Edition 2021.2.2\lib\idea_rt.jar=54167:C:\Program Files\JetBrains\IntelliJ IDEA Community Edition 2021.2.2\bin -Dfile.encoding=UTF-8 cpw.mods.bootstraplauncher.BootstrapLauncher --launchTarget forgeclientuserdev --version MOD_DEV --assetIndex 1.18 --assetsDir C:\Users\Jexel\.gradle\caches\forge_gradle\assets --gameDir . --fml.forgeVersion 39.0.3 --fml.mcVersion 1.18.1 --fml.forgeGroup net.minecraftforge --fml.mcpVersion 20211210.034407

Host: AMD Ryzen 5 3500X 6-Core Processor             , 6 cores, 15G,  Windows 10 , 64 bit Build 19041 (10.0.19041.292)
Time: Thu Feb 10 03:46:27 2022 Malay Peninsula Standard Time elapsed time: 8.652714 seconds (0d 0h 0m 8s)

---------------  T H R E A D  ---------------

Current thread (0x000002836d37d600):  JavaThread "C2 CompilerThread1" daemon [_thread_in_native, id=13332, stack(0x000000a8ac100000,0x000000a8ac200000)]


Current CompileTask:
C2:   8652 8332 %     4       org.objectweb.asm.ClassReader::readCode @ 1738 (5109 bytes)

Stack: [0x000000a8ac100000,0x000000a8ac200000]
Native frames: (J=compiled Java code, j=interpreted, Vv=VM code, C=native code)
V  [jvm.dll+0x6744da]
V  [jvm.dll+0x82e144]
V  [jvm.dll+0x82f8ee]
V  [jvm.dll+0x82ff53]
V  [jvm.dll+0x245175]
V  [jvm.dll+0xab85b]
V  [jvm.dll+0xabdec]
V  [jvm.dll+0x362f07]
V  [jvm.dll+0x32d4c1]
V  [jvm.dll+0x32c96a]
V  [jvm.dll+0x218031]
V  [jvm.dll+0x217451]
V  [jvm.dll+0x1a355d]
V  [jvm.dll+0x226e38]
V  [jvm.dll+0x224f7c]
V  [jvm.dll+0x7e3f5b]
V  [jvm.dll+0x7de51a]
V  [jvm.dll+0x673305]
C  [ucrtbase.dll+0x21542]
C  [KERNEL32.DLL+0x16fd4]
C  [ntdll.dll+0x4cec1]


---------------  P R O C E S S  ---------------

Threads class SMR info:
_java_thread_list=0x0000028372d622f0, length=23, elements={
0x0000028345fa0330, 0x000002836aacb300, 0x000002836aacc560, 0x000002836aae3760,
0x000002836aae4830, 0x000002836aae8430, 0x000002836aae70f0, 0x000002836aaeb7c0,
0x000002836aaf0000, 0x000002836aaf14b0, 0x000002836aae6280, 0x000002836aae7f60,
0x000002836aae6750, 0x000002836aae58e0, 0x000002836aae6c20, 0x000002836d37d600,
0x000002836aae75c0, 0x0000028370690010, 0x0000028370694840, 0x0000028370694d10,
0x000002837068e330, 0x0000028370691350, 0x000002837068d990
}

Java Threads: ( => current thread )
  0x0000028345fa0330 JavaThread "main" [_thread_blocked, id=13344, stack(0x000000a8aa400000,0x000000a8aa500000)]
  0x000002836aacb300 JavaThread "Reference Handler" daemon [_thread_blocked, id=6264, stack(0x000000a8aab00000,0x000000a8aac00000)]
  0x000002836aacc560 JavaThread "Finalizer" daemon [_thread_blocked, id=6488, stack(0x000000a8aac00000,0x000000a8aad00000)]
  0x000002836aae3760 JavaThread "Signal Dispatcher" daemon [_thread_blocked, id=7196, stack(0x000000a8aad00000,0x000000a8aae00000)]
  0x000002836aae4830 JavaThread "Attach Listener" daemon [_thread_blocked, id=9296, stack(0x000000a8aae00000,0x000000a8aaf00000)]
  0x000002836aae8430 JavaThread "Service Thread" daemon [_thread_blocked, id=7460, stack(0x000000a8aaf00000,0x000000a8ab000000)]
  0x000002836aae70f0 JavaThread "Monitor Deflation Thread" daemon [_thread_blocked, id=15804, stack(0x000000a8ab000000,0x000000a8ab100000)]
  0x000002836aaeb7c0 JavaThread "C2 CompilerThread0" daemon [_thread_in_vm, id=5556, stack(0x000000a8ab100000,0x000000a8ab200000)]
  0x000002836aaf0000 JavaThread "C1 CompilerThread0" daemon [_thread_blocked, id=9964, stack(0x000000a8ab200000,0x000000a8ab300000)]
  0x000002836aaf14b0 JavaThread "Sweeper thread" daemon [_thread_blocked, id=8316, stack(0x000000a8ab300000,0x000000a8ab400000)]
  0x000002836aae6280 JavaThread "Common-Cleaner" daemon [_thread_blocked, id=2384, stack(0x000000a8ab400000,0x000000a8ab500000)]
  0x000002836aae7f60 JavaThread "Monitor Ctrl-Break" daemon [_thread_in_native, id=15980, stack(0x000000a8ab600000,0x000000a8ab700000)]
  0x000002836aae6750 JavaThread "Notification Thread" daemon [_thread_blocked, id=14780, stack(0x000000a8ab700000,0x000000a8ab800000)]
  0x000002836aae58e0 JavaThread "Thread-0" daemon [_thread_blocked, id=10180, stack(0x000000a8abe00000,0x000000a8abf00000)]
  0x000002836aae6c20 JavaThread "FileSystemWatchService" daemon [_thread_in_native, id=9256, stack(0x000000a8abf00000,0x000000a8ac000000)]
=>0x000002836d37d600 JavaThread "C2 CompilerThread1" daemon [_thread_in_native, id=13332, stack(0x000000a8ac100000,0x000000a8ac200000)]
  0x000002836aae75c0 JavaThread "pool-2-thread-1" daemon [_thread_blocked, id=13372, stack(0x000000a8ac200000,0x000000a8ac300000)]
  0x0000028370690010 JavaThread "pool-3-thread-1" [_thread_in_vm, id=7148, stack(0x000000a8ac600000,0x000000a8ac700000)]
  0x0000028370694840 JavaThread "Worker-Bootstrap-1" daemon [_thread_in_Java, id=276, stack(0x000000a8ac700000,0x000000a8ac800000)]
  0x0000028370694d10 JavaThread "Worker-Bootstrap-2" daemon [_thread_in_Java, id=10648, stack(0x000000a8ac800000,0x000000a8ac900000)]
  0x000002837068e330 JavaThread "Worker-Bootstrap-3" daemon [_thread_in_Java, id=15120, stack(0x000000a8ac900000,0x000000a8aca00000)]
  0x0000028370691350 JavaThread "Worker-Bootstrap-4" daemon [_thread_in_vm, id=8360, stack(0x000000a8aca00000,0x000000a8acb00000)]
  0x000002837068d990 JavaThread "Worker-Bootstrap-5" daemon [_thread_blocked, id=13980, stack(0x000000a8acb00000,0x000000a8acc00000)]

Other Threads:
  0x000002836aac51b0 VMThread "VM Thread" [stack: 0x000000a8aaa00000,0x000000a8aab00000] [id=10668]
  0x0000028346006c60 WatcherThread [stack: 0x000000a8ab800000,0x000000a8ab900000] [id=12664]
  0x0000028345dfe810 GCTaskThread "GC Thread#0" [stack: 0x000000a8aa500000,0x000000a8aa600000] [id=10656]
  0x000002836b9abf30 GCTaskThread "GC Thread#1" [stack: 0x000000a8ab900000,0x000000a8aba00000] [id=8448]
  0x000002836bc84df0 GCTaskThread "GC Thread#2" [stack: 0x000000a8aba00000,0x000000a8abb00000] [id=16020]
  0x000002836bc854b0 GCTaskThread "GC Thread#3" [stack: 0x000000a8abb00000,0x000000a8abc00000] [id=9008]
  0x000002836bc85760 GCTaskThread "GC Thread#4" [stack: 0x000000a8abc00000,0x000000a8abd00000] [id=16240]
  0x000002836bc85a10 GCTaskThread "GC Thread#5" [stack: 0x000000a8abd00000,0x000000a8abe00000] [id=14416]
  0x0000028345ffe240 ConcurrentGCThread "G1 Main Marker" [stack: 0x000000a8aa600000,0x000000a8aa700000] [id=16284]
  0x0000028345fff8b0 ConcurrentGCThread "G1 Conc#0" [stack: 0x000000a8aa700000,0x000000a8aa800000] [id=13676]
  0x000002836d393900 ConcurrentGCThread "G1 Conc#1" [stack: 0x000000a8ab500000,0x000000a8ab600000] [id=13408]
  0x000002836a97e520 ConcurrentGCThread "G1 Refine#0" [stack: 0x000000a8aa800000,0x000000a8aa900000] [id=16584]
  0x000002836d0a7040 ConcurrentGCThread "G1 Refine#1" [stack: 0x000000a8ac000000,0x000000a8ac100000] [id=11028]
  0x000002836a97ebf0 ConcurrentGCThread "G1 Service" [stack: 0x000000a8aa900000,0x000000a8aaa00000] [id=12744]

Threads with active compile tasks:
C2 CompilerThread0     8672 8533       4       com.mojang.datafixers.functions.PointFreeRule$Seq$$Lambda$2290/0x000000080132e780::apply (16 bytes)
C2 CompilerThread1     8672 8332 %     4       org.objectweb.asm.ClassReader::readCode @ 1738 (5109 bytes)

VM state: not at safepoint (normal execution)

VM Mutex/Monitor currently owned by a thread: None

Heap address: 0x0000000700c00000, size: 4084 MB, Compressed Oops mode: Zero based, Oop shift amount: 3

CDS archive(s) mapped at: [0x0000000800000000-0x0000000800bc0000-0x0000000800bc0000), size 12320768, SharedBaseAddress: 0x0000000800000000, ArchiveRelocationMode: 0.
Compressed class space mapped at: 0x0000000800c00000-0x0000000840c00000, reserved size: 1073741824
Narrow klass base: 0x0000000800000000, Narrow klass shift: 0, Narrow klass range: 0x100000000

GC Precious Log:
 CPUs: 6 total, 6 available
 Memory: 16332M
 Large Page Support: Disabled
 NUMA Support: Disabled
 Compressed Oops: Enabled (Zero based)
 Heap Region Size: 2M
 Heap Min Capacity: 8M
 Heap Initial Capacity: 256M
 Heap Max Capacity: 4084M
 Pre-touch: Disabled
 Parallel Workers: 6
 Concurrent Workers: 2
 Concurrent Refinement Workers: 6
 Periodic GC: Disabled

Heap:
 garbage-first heap   total 362496K, used 278354K [0x0000000700c00000, 0x0000000800000000)
  region size 2048K, 87 young (178176K), 6 survivors (12288K)
 Metaspace       used 50350K, committed 51328K, reserved 1097728K
  class space    used 7112K, committed 7552K, reserved 1048576K

Heap Regions: E=young(eden), S=young(survivor), O=old, HS=humongous(starts), HC=humongous(continues), CS=collection set, F=free, OA=open archive, CA=closed archive, TAMS=top-at-mark-start (previous, next)
|   0|0x0000000700c00000, 0x0000000700e00000, 0x0000000700e00000|100%|HS|  |TAMS 0x0000000700e00000, 0x0000000700c00000| Complete 
|   1|0x0000000700e00000, 0x0000000701000000, 0x0000000701000000|100%| O|  |TAMS 0x0000000701000000, 0x0000000700e00000| Untracked 
|   2|0x0000000701000000, 0x0000000701200000, 0x0000000701200000|100%|HS|  |TAMS 0x0000000701200000, 0x0000000701000000| Complete 
|   3|0x0000000701200000, 0x0000000701400000, 0x0000000701400000|100%| O|  |TAMS 0x0000000701400000, 0x0000000701200000| Untracked 
|   4|0x0000000701400000, 0x0000000701600000, 0x0000000701600000|100%| O|  |TAMS 0x0000000701600000, 0x0000000701400000| Untracked 
|   5|0x0000000701600000, 0x0000000701800000, 0x0000000701800000|100%| O|  |TAMS 0x0000000701800000, 0x0000000701600000| Untracked 
|   6|0x0000000701800000, 0x0000000701a00000, 0x0000000701a00000|100%|HS|  |TAMS 0x0000000701a00000, 0x0000000701800000| Complete 
|   7|0x0000000701a00000, 0x0000000701c00000, 0x0000000701c00000|100%|HS|  |TAMS 0x0000000701c00000, 0x0000000701a00000| Complete 
|   8|0x0000000701c00000, 0x0000000701e00000, 0x0000000701e00000|100%| O|  |TAMS 0x0000000701e00000, 0x0000000701c00000| Untracked 
|   9|0x0000000701e00000, 0x0000000702000000, 0x0000000702000000|100%| O|  |TAMS 0x0000000702000000, 0x0000000701e00000| Untracked 
|  10|0x0000000702000000, 0x0000000702200000, 0x0000000702200000|100%| O|  |TAMS 0x0000000702200000, 0x0000000702000000| Untracked 
|  11|0x0000000702200000, 0x0000000702400000, 0x0000000702400000|100%| O|  |TAMS 0x0000000702400000, 0x0000000702200000| Untracked 
|  12|0x0000000702400000, 0x0000000702600000, 0x0000000702600000|100%| O|  |TAMS 0x0000000702600000, 0x0000000702400000| Untracked 
|  13|0x0000000702600000, 0x0000000702800000, 0x0000000702800000|100%| O|  |TAMS 0x0000000702800000, 0x0000000702600000| Untracked 
|  14|0x0000000702800000, 0x0000000702a00000, 0x0000000702a00000|100%| O|  |TAMS 0x0000000702a00000, 0x0000000702800000| Untracked 
|  15|0x0000000702a00000, 0x0000000702c00000, 0x0000000702c00000|100%| O|  |TAMS 0x0000000702c00000, 0x0000000702a00000| Untracked 
|  16|0x0000000702c00000, 0x0000000702e00000, 0x0000000702e00000|100%| O|  |TAMS 0x0000000702e00000, 0x0000000702c00000| Untracked 
|  17|0x0000000702e00000, 0x0000000703000000, 0x0000000703000000|100%| O|  |TAMS 0x0000000703000000, 0x0000000702e00000| Untracked 
|  18|0x0000000703000000, 0x0000000703200000, 0x0000000703200000|100%| O|  |TAMS 0x0000000703200000, 0x0000000703000000| Untracked 
|  19|0x0000000703200000, 0x0000000703400000, 0x0000000703400000|100%| O|  |TAMS 0x0000000703400000, 0x0000000703200000| Untracked 
|  20|0x0000000703400000, 0x0000000703600000, 0x0000000703600000|100%| O|  |TAMS 0x0000000703600000, 0x0000000703400000| Untracked 
|  21|0x0000000703600000, 0x0000000703800000, 0x0000000703800000|100%| O|  |TAMS 0x0000000703800000, 0x0000000703600000| Untracked 
|  22|0x0000000703800000, 0x00000007038b5a00, 0x0000000703a00000| 35%| O|  |TAMS 0x00000007038b5a00, 0x0000000703800000| Untracked 
|  23|0x0000000703a00000, 0x0000000703c00000, 0x0000000703c00000|100%| O|  |TAMS 0x0000000703c00000, 0x0000000703a00000| Untracked 
|  24|0x0000000703c00000, 0x0000000703e00000, 0x0000000703e00000|100%| O|  |TAMS 0x0000000703e00000, 0x0000000703c00000| Untracked 
|  25|0x0000000703e00000, 0x0000000704000000, 0x0000000704000000|100%| O|  |TAMS 0x0000000704000000, 0x0000000703e00000| Untracked 
|  26|0x0000000704000000, 0x0000000704200000, 0x0000000704200000|100%|HS|  |TAMS 0x0000000704200000, 0x0000000704000000| Complete 
|  27|0x0000000704200000, 0x0000000704400000, 0x0000000704400000|100%|HC|  |TAMS 0x0000000704400000, 0x0000000704200000| Complete 
|  28|0x0000000704400000, 0x0000000704600000, 0x0000000704600000|100%|HC|  |TAMS 0x0000000704600000, 0x0000000704400000| Complete 
|  29|0x0000000704600000, 0x0000000704800000, 0x0000000704800000|100%|HC|  |TAMS 0x0000000704800000, 0x0000000704600000| Complete 
|  30|0x0000000704800000, 0x0000000704a00000, 0x0000000704a00000|100%|HC|  |TAMS 0x0000000704a00000, 0x0000000704800000| Complete 
|  31|0x0000000704a00000, 0x0000000704c00000, 0x0000000704c00000|100%|HC|  |TAMS 0x0000000704c00000, 0x0000000704a00000| Complete 
|  32|0x0000000704c00000, 0x0000000704e00000, 0x0000000704e00000|100%| O|  |TAMS 0x0000000704e00000, 0x0000000704c00000| Untracked 
|  33|0x0000000704e00000, 0x0000000705000000, 0x0000000705000000|100%| O|  |TAMS 0x0000000705000000, 0x0000000704e00000| Untracked 
|  34|0x0000000705000000, 0x0000000705200000, 0x0000000705200000|100%| O|  |TAMS 0x0000000705200000, 0x0000000705000000| Untracked 
|  35|0x0000000705200000, 0x0000000705400000, 0x0000000705400000|100%| O|  |TAMS 0x0000000705400000, 0x0000000705200000| Untracked 
|  36|0x0000000705400000, 0x0000000705600000, 0x0000000705600000|100%| O|  |TAMS 0x0000000705600000, 0x0000000705400000| Untracked 
|  37|0x0000000705600000, 0x0000000705800000, 0x0000000705800000|100%| O|  |TAMS 0x0000000705800000, 0x0000000705600000| Untracked 
|  38|0x0000000705800000, 0x0000000705a00000, 0x0000000705a00000|100%| O|  |TAMS 0x0000000705a00000, 0x0000000705800000| Untracked 
|  39|0x0000000705a00000, 0x0000000705c00000, 0x0000000705c00000|100%| O|  |TAMS 0x0000000705c00000, 0x0000000705a00000| Untracked 
|  40|0x0000000705c00000, 0x0000000705e00000, 0x0000000705e00000|100%| O|  |TAMS 0x0000000705e00000, 0x0000000705c00000| Untracked 
|  41|0x0000000705e00000, 0x0000000706000000, 0x0000000706000000|100%| O|  |TAMS 0x0000000706000000, 0x0000000705e00000| Untracked 
|  42|0x0000000706000000, 0x0000000706200000, 0x0000000706200000|100%| O|  |TAMS 0x0000000706200000, 0x0000000706000000| Untracked 
|  43|0x0000000706200000, 0x0000000706400000, 0x0000000706400000|100%| O|  |TAMS 0x0000000706400000, 0x0000000706200000| Untracked 
|  44|0x0000000706400000, 0x0000000706600000, 0x0000000706600000|100%| O|  |TAMS 0x0000000706600000, 0x0000000706400000| Untracked 
|  45|0x0000000706600000, 0x0000000706800000, 0x0000000706800000|100%| O|  |TAMS 0x0000000706800000, 0x0000000706600000| Untracked 
|  46|0x0000000706800000, 0x0000000706a00000, 0x0000000706a00000|100%| O|  |TAMS 0x0000000706a00000, 0x0000000706800000| Untracked 
|  47|0x0000000706a00000, 0x0000000706c00000, 0x0000000706c00000|100%| O|  |TAMS 0x0000000706c00000, 0x0000000706a00000| Untracked 
|  48|0x0000000706c00000, 0x0000000706e00000, 0x0000000706e00000|100%| O|  |TAMS 0x0000000706e00000, 0x0000000706c00000| Untracked 
|  49|0x0000000706e00000, 0x0000000707000000, 0x0000000707000000|100%| O|  |TAMS 0x0000000707000000, 0x0000000706e00000| Untracked 
|  50|0x0000000707000000, 0x00000007071fee00, 0x0000000707200000| 99%| O|  |TAMS 0x00000007071fee00, 0x0000000707000000| Untracked 
|  51|0x0000000707200000, 0x0000000707200000, 0x0000000707400000|  0%| F|  |TAMS 0x0000000707200000, 0x0000000707200000| Untracked 
|  52|0x0000000707400000, 0x0000000707400000, 0x0000000707600000|  0%| F|  |TAMS 0x0000000707400000, 0x0000000707400000| Untracked 
|  53|0x0000000707600000, 0x0000000707600000, 0x0000000707800000|  0%| F|  |TAMS 0x0000000707600000, 0x0000000707600000| Untracked 
|  54|0x0000000707800000, 0x0000000707800000, 0x0000000707a00000|  0%| F|  |TAMS 0x0000000707800000, 0x0000000707800000| Untracked 
|  55|0x0000000707a00000, 0x0000000707a00000, 0x0000000707c00000|  0%| F|  |TAMS 0x0000000707a00000, 0x0000000707a00000| Untracked 
|  56|0x0000000707c00000, 0x0000000707c00000, 0x0000000707e00000|  0%| F|  |TAMS 0x0000000707c00000, 0x0000000707c00000| Untracked 
|  57|0x0000000707e00000, 0x0000000707e00000, 0x0000000708000000|  0%| F|  |TAMS 0x0000000707e00000, 0x0000000707e00000| Untracked 
|  58|0x0000000708000000, 0x0000000708000000, 0x0000000708200000|  0%| F|  |TAMS 0x0000000708000000, 0x0000000708000000| Untracked 
|  59|0x0000000708200000, 0x0000000708200000, 0x0000000708400000|  0%| F|  |TAMS 0x0000000708200000, 0x0000000708200000| Untracked 
|  60|0x0000000708400000, 0x0000000708400000, 0x0000000708600000|  0%| F|  |TAMS 0x0000000708400000, 0x0000000708400000| Untracked 
|  61|0x0000000708600000, 0x0000000708600000, 0x0000000708800000|  0%| F|  |TAMS 0x0000000708600000, 0x0000000708600000| Untracked 
|  62|0x0000000708800000, 0x0000000708800000, 0x0000000708a00000|  0%| F|  |TAMS 0x0000000708800000, 0x0000000708800000| Untracked 
|  63|0x0000000708a00000, 0x0000000708a00000, 0x0000000708c00000|  0%| F|  |TAMS 0x0000000708a00000, 0x0000000708a00000| Untracked 
|  64|0x0000000708c00000, 0x0000000708c00000, 0x0000000708e00000|  0%| F|  |TAMS 0x0000000708c00000, 0x0000000708c00000| Untracked 
|  65|0x0000000708e00000, 0x0000000708e00000, 0x0000000709000000|  0%| F|  |TAMS 0x0000000708e00000, 0x0000000708e00000| Untracked 
|  66|0x0000000709000000, 0x0000000709000000, 0x0000000709200000|  0%| F|  |TAMS 0x0000000709000000, 0x0000000709000000| Untracked 
|  67|0x0000000709200000, 0x0000000709200000, 0x0000000709400000|  0%| F|  |TAMS 0x0000000709200000, 0x0000000709200000| Untracked 
|  68|0x0000000709400000, 0x0000000709400000, 0x0000000709600000|  0%| F|  |TAMS 0x0000000709400000, 0x0000000709400000| Untracked 
|  69|0x0000000709600000, 0x0000000709600000, 0x0000000709800000|  0%| F|  |TAMS 0x0000000709600000, 0x0000000709600000| Untracked 
|  70|0x0000000709800000, 0x0000000709800000, 0x0000000709a00000|  0%| F|  |TAMS 0x0000000709800000, 0x0000000709800000| Untracked 
|  71|0x0000000709a00000, 0x0000000709a00000, 0x0000000709c00000|  0%| F|  |TAMS 0x0000000709a00000, 0x0000000709a00000| Untracked 
|  72|0x0000000709c00000, 0x0000000709c00000, 0x0000000709e00000|  0%| F|  |TAMS 0x0000000709c00000, 0x0000000709c00000| Untracked 
|  73|0x0000000709e00000, 0x0000000709e00000, 0x000000070a000000|  0%| F|  |TAMS 0x0000000709e00000, 0x0000000709e00000| Untracked 
|  74|0x000000070a000000, 0x000000070a000000, 0x000000070a200000|  0%| F|  |TAMS 0x000000070a000000, 0x000000070a000000| Untracked 
|  75|0x000000070a200000, 0x000000070a200000, 0x000000070a400000|  0%| F|  |TAMS 0x000000070a200000, 0x000000070a200000| Untracked 
|  76|0x000000070a400000, 0x000000070a400000, 0x000000070a600000|  0%| F|  |TAMS 0x000000070a400000, 0x000000070a400000| Untracked 
|  77|0x000000070a600000, 0x000000070a600000, 0x000000070a800000|  0%| F|  |TAMS 0x000000070a600000, 0x000000070a600000| Untracked 
|  78|0x000000070a800000, 0x000000070a800000, 0x000000070aa00000|  0%| F|  |TAMS 0x000000070a800000, 0x000000070a800000| Untracked 
|  79|0x000000070aa00000, 0x000000070aa00000, 0x000000070ac00000|  0%| F|  |TAMS 0x000000070aa00000, 0x000000070aa00000| Untracked 
|  80|0x000000070ac00000, 0x000000070ac00000, 0x000000070ae00000|  0%| F|  |TAMS 0x000000070ac00000, 0x000000070ac00000| Untracked 
|  81|0x000000070ae00000, 0x000000070ae00000, 0x000000070b000000|  0%| F|  |TAMS 0x000000070ae00000, 0x000000070ae00000| Untracked 
|  82|0x000000070b000000, 0x000000070b000000, 0x000000070b200000|  0%| F|  |TAMS 0x000000070b000000, 0x000000070b000000| Untracked 
|  83|0x000000070b200000, 0x000000070b200000, 0x000000070b400000|  0%| F|  |TAMS 0x000000070b200000, 0x000000070b200000| Untracked 
|  84|0x000000070b400000, 0x000000070b400000, 0x000000070b600000|  0%| F|  |TAMS 0x000000070b400000, 0x000000070b400000| Untracked 
|  85|0x000000070b600000, 0x000000070b600000, 0x000000070b800000|  0%| F|  |TAMS 0x000000070b600000, 0x000000070b600000| Untracked 
|  86|0x000000070b800000, 0x000000070b800000, 0x000000070ba00000|  0%| F|  |TAMS 0x000000070b800000, 0x000000070b800000| Untracked 
|  87|0x000000070ba00000, 0x000000070ba00000, 0x000000070bc00000|  0%| F|  |TAMS 0x000000070ba00000, 0x000000070ba00000| Untracked 
|  88|0x000000070bc00000, 0x000000070bc00000, 0x000000070be00000|  0%| F|  |TAMS 0x000000070bc00000, 0x000000070bc00000| Untracked 
|  89|0x000000070be00000, 0x000000070be00000, 0x000000070c000000|  0%| F|  |TAMS 0x000000070be00000, 0x000000070be00000| Untracked 
|  90|0x000000070c000000, 0x000000070c100800, 0x000000070c200000| 50%| E|  |TAMS 0x000000070c000000, 0x000000070c000000| Complete 
|  91|0x000000070c200000, 0x000000070c400000, 0x000000070c400000|100%| E|CS|TAMS 0x000000070c200000, 0x000000070c200000| Complete 
|  92|0x000000070c400000, 0x000000070c600000, 0x000000070c600000|100%| E|CS|TAMS 0x000000070c400000, 0x000000070c400000| Complete 
|  93|0x000000070c600000, 0x000000070c800000, 0x000000070c800000|100%| E|CS|TAMS 0x000000070c600000, 0x000000070c600000| Complete 
|  94|0x000000070c800000, 0x000000070ca00000, 0x000000070ca00000|100%| E|CS|TAMS 0x000000070c800000, 0x000000070c800000| Complete 
|  95|0x000000070ca00000, 0x000000070cc00000, 0x000000070cc00000|100%| E|CS|TAMS 0x000000070ca00000, 0x000000070ca00000| Complete 
|  96|0x000000070cc00000, 0x000000070ce00000, 0x000000070ce00000|100%| E|CS|TAMS 0x000000070cc00000, 0x000000070cc00000| Complete 
|  97|0x000000070ce00000, 0x000000070d000000, 0x000000070d000000|100%| E|CS|TAMS 0x000000070ce00000, 0x000000070ce00000| Complete 
|  98|0x000000070d000000, 0x000000070d200000, 0x000000070d200000|100%| E|CS|TAMS 0x000000070d000000, 0x000000070d000000| Complete 
|  99|0x000000070d200000, 0x000000070d400000, 0x000000070d400000|100%| E|CS|TAMS 0x000000070d200000, 0x000000070d200000| Complete 
| 100|0x000000070d400000, 0x000000070d600000, 0x000000070d600000|100%| E|CS|TAMS 0x000000070d400000, 0x000000070d400000| Complete 
| 101|0x000000070d600000, 0x000000070d800000, 0x000000070d800000|100%| E|CS|TAMS 0x000000070d600000, 0x000000070d600000| Complete 
| 102|0x000000070d800000, 0x000000070da00000, 0x000000070da00000|100%| E|CS|TAMS 0x000000070d800000, 0x000000070d800000| Complete 
| 103|0x000000070da00000, 0x000000070dc00000, 0x000000070dc00000|100%| E|CS|TAMS 0x000000070da00000, 0x000000070da00000| Complete 
| 104|0x000000070dc00000, 0x000000070de00000, 0x000000070de00000|100%| E|CS|TAMS 0x000000070dc00000, 0x000000070dc00000| Complete 
| 105|0x000000070de00000, 0x000000070e000000, 0x000000070e000000|100%| E|CS|TAMS 0x000000070de00000, 0x000000070de00000| Complete 
| 106|0x000000070e000000, 0x000000070e200000, 0x000000070e200000|100%| E|CS|TAMS 0x000000070e000000, 0x000000070e000000| Complete 
| 107|0x000000070e200000, 0x000000070e400000, 0x000000070e400000|100%| E|CS|TAMS 0x000000070e200000, 0x000000070e200000| Complete 
| 108|0x000000070e400000, 0x000000070e600000, 0x000000070e600000|100%| E|CS|TAMS 0x000000070e400000, 0x000000070e400000| Complete 
| 109|0x000000070e600000, 0x000000070e800000, 0x000000070e800000|100%| E|CS|TAMS 0x000000070e600000, 0x000000070e600000| Complete 
| 110|0x000000070e800000, 0x000000070ea00000, 0x000000070ea00000|100%| E|CS|TAMS 0x000000070e800000, 0x000000070e800000| Complete 
| 111|0x000000070ea00000, 0x000000070ec00000, 0x000000070ec00000|100%| E|CS|TAMS 0x000000070ea00000, 0x000000070ea00000| Complete 
| 112|0x000000070ec00000, 0x000000070ee00000, 0x000000070ee00000|100%| E|CS|TAMS 0x000000070ec00000, 0x000000070ec00000| Complete 
| 113|0x000000070ee00000, 0x000000070f000000, 0x000000070f000000|100%| E|CS|TAMS 0x000000070ee00000, 0x000000070ee00000| Complete 
| 114|0x000000070f000000, 0x000000070f200000, 0x000000070f200000|100%| E|CS|TAMS 0x000000070f000000, 0x000000070f000000| Complete 
| 115|0x000000070f200000, 0x000000070f400000, 0x000000070f400000|100%| E|CS|TAMS 0x000000070f200000, 0x000000070f200000| Complete 
| 116|0x000000070f400000, 0x000000070f600000, 0x000000070f600000|100%| E|CS|TAMS 0x000000070f400000, 0x000000070f400000| Complete 
| 117|0x000000070f600000, 0x000000070f800000, 0x000000070f800000|100%| E|CS|TAMS 0x000000070f600000, 0x000000070f600000| Complete 
| 118|0x000000070f800000, 0x000000070fa00000, 0x000000070fa00000|100%| E|CS|TAMS 0x000000070f800000, 0x000000070f800000| Complete 
| 119|0x000000070fa00000, 0x000000070fc00000, 0x000000070fc00000|100%| E|CS|TAMS 0x000000070fa00000, 0x000000070fa00000| Complete 
| 120|0x000000070fc00000, 0x000000070fe00000, 0x000000070fe00000|100%| E|CS|TAMS 0x000000070fc00000, 0x000000070fc00000| Complete 
| 121|0x000000070fe00000, 0x0000000710000000, 0x0000000710000000|100%| E|CS|TAMS 0x000000070fe00000, 0x000000070fe00000| Complete 
| 122|0x0000000710000000, 0x0000000710200000, 0x0000000710200000|100%| E|CS|TAMS 0x0000000710000000, 0x0000000710000000| Complete 
| 123|0x0000000710200000, 0x0000000710400000, 0x0000000710400000|100%| E|CS|TAMS 0x0000000710200000, 0x0000000710200000| Complete 
| 124|0x0000000710400000, 0x0000000710600000, 0x0000000710600000|100%| E|CS|TAMS 0x0000000710400000, 0x0000000710400000| Complete 
| 125|0x0000000710600000, 0x0000000710800000, 0x0000000710800000|100%| E|CS|TAMS 0x0000000710600000, 0x0000000710600000| Complete 
| 126|0x0000000710800000, 0x0000000710a00000, 0x0000000710a00000|100%| E|CS|TAMS 0x0000000710800000, 0x0000000710800000| Complete 
| 127|0x0000000710a00000, 0x0000000710c00000, 0x0000000710c00000|100%| E|CS|TAMS 0x0000000710a00000, 0x0000000710a00000| Complete 
| 128|0x0000000710c00000, 0x0000000710e00000, 0x0000000710e00000|100%| E|CS|TAMS 0x0000000710c00000, 0x0000000710c00000| Complete 
| 129|0x0000000710e00000, 0x0000000711000000, 0x0000000711000000|100%| E|CS|TAMS 0x0000000710e00000, 0x0000000710e00000| Complete 
| 130|0x0000000711000000, 0x0000000711200000, 0x0000000711200000|100%| E|CS|TAMS 0x0000000711000000, 0x0000000711000000| Complete 
| 131|0x0000000711200000, 0x0000000711400000, 0x0000000711400000|100%| E|CS|TAMS 0x0000000711200000, 0x0000000711200000| Complete 
| 132|0x0000000711400000, 0x0000000711600000, 0x0000000711600000|100%| E|CS|TAMS 0x0000000711400000, 0x0000000711400000| Complete 
| 133|0x0000000711600000, 0x0000000711800000, 0x0000000711800000|100%| E|CS|TAMS 0x0000000711600000, 0x0000000711600000| Complete 
| 134|0x0000000711800000, 0x0000000711a00000, 0x0000000711a00000|100%| E|CS|TAMS 0x0000000711800000, 0x0000000711800000| Complete 
| 135|0x0000000711a00000, 0x0000000711c00000, 0x0000000711c00000|100%| E|CS|TAMS 0x0000000711a00000, 0x0000000711a00000| Complete 
| 136|0x0000000711c00000, 0x0000000711e00000, 0x0000000711e00000|100%| E|CS|TAMS 0x0000000711c00000, 0x0000000711c00000| Complete 
| 137|0x0000000711e00000, 0x0000000712000000, 0x0000000712000000|100%| E|CS|TAMS 0x0000000711e00000, 0x0000000711e00000| Complete 
| 138|0x0000000712000000, 0x0000000712200000, 0x0000000712200000|100%| E|CS|TAMS 0x0000000712000000, 0x0000000712000000| Complete 
| 139|0x0000000712200000, 0x0000000712400000, 0x0000000712400000|100%| E|CS|TAMS 0x0000000712200000, 0x0000000712200000| Complete 
| 140|0x0000000712400000, 0x0000000712600000, 0x0000000712600000|100%| E|CS|TAMS 0x0000000712400000, 0x0000000712400000| Complete 
| 141|0x0000000712600000, 0x0000000712800000, 0x0000000712800000|100%| E|CS|TAMS 0x0000000712600000, 0x0000000712600000| Complete 
| 142|0x0000000712800000, 0x0000000712a00000, 0x0000000712a00000|100%| E|CS|TAMS 0x0000000712800000, 0x0000000712800000| Complete 
| 143|0x0000000712a00000, 0x0000000712c00000, 0x0000000712c00000|100%| E|CS|TAMS 0x0000000712a00000, 0x0000000712a00000| Complete 
| 144|0x0000000712c00000, 0x0000000712e00000, 0x0000000712e00000|100%| E|CS|TAMS 0x0000000712c00000, 0x0000000712c00000| Complete 
| 145|0x0000000712e00000, 0x0000000713000000, 0x0000000713000000|100%| E|CS|TAMS 0x0000000712e00000, 0x0000000712e00000| Complete 
| 146|0x0000000713000000, 0x0000000713200000, 0x0000000713200000|100%| E|CS|TAMS 0x0000000713000000, 0x0000000713000000| Complete 
| 147|0x0000000713200000, 0x0000000713400000, 0x0000000713400000|100%| E|CS|TAMS 0x0000000713200000, 0x0000000713200000| Complete 
| 148|0x0000000713400000, 0x0000000713600000, 0x0000000713600000|100%| E|CS|TAMS 0x0000000713400000, 0x0000000713400000| Complete 
| 149|0x0000000713600000, 0x0000000713800000, 0x0000000713800000|100%| E|CS|TAMS 0x0000000713600000, 0x0000000713600000| Complete 
| 150|0x0000000713800000, 0x0000000713a00000, 0x0000000713a00000|100%| E|CS|TAMS 0x0000000713800000, 0x0000000713800000| Complete 
| 151|0x0000000713a00000, 0x0000000713b202a0, 0x0000000713c00000| 56%| S|CS|TAMS 0x0000000713a00000, 0x0000000713a00000| Complete 
| 152|0x0000000713c00000, 0x0000000713e00000, 0x0000000713e00000|100%| S|CS|TAMS 0x0000000713c00000, 0x0000000713c00000| Complete 
| 153|0x0000000713e00000, 0x0000000714000000, 0x0000000714000000|100%| S|CS|TAMS 0x0000000713e00000, 0x0000000713e00000| Complete 
| 154|0x0000000714000000, 0x0000000714200000, 0x0000000714200000|100%| S|CS|TAMS 0x0000000714000000, 0x0000000714000000| Complete 
| 155|0x0000000714200000, 0x0000000714400000, 0x0000000714400000|100%| S|CS|TAMS 0x0000000714200000, 0x0000000714200000| Complete 
| 156|0x0000000714400000, 0x0000000714600000, 0x0000000714600000|100%| S|CS|TAMS 0x0000000714400000, 0x0000000714400000| Complete 
| 157|0x0000000714600000, 0x0000000714800000, 0x0000000714800000|100%| E|CS|TAMS 0x0000000714600000, 0x0000000714600000| Complete 
| 158|0x0000000714800000, 0x0000000714a00000, 0x0000000714a00000|100%| E|CS|TAMS 0x0000000714800000, 0x0000000714800000| Complete 
| 159|0x0000000714a00000, 0x0000000714c00000, 0x0000000714c00000|100%| E|CS|TAMS 0x0000000714a00000, 0x0000000714a00000| Complete 
| 160|0x0000000714c00000, 0x0000000714e00000, 0x0000000714e00000|100%| E|CS|TAMS 0x0000000714c00000, 0x0000000714c00000| Complete 
| 161|0x0000000714e00000, 0x0000000715000000, 0x0000000715000000|100%| E|CS|TAMS 0x0000000714e00000, 0x0000000714e00000| Complete 
| 162|0x0000000715000000, 0x0000000715200000, 0x0000000715200000|100%| E|CS|TAMS 0x0000000715000000, 0x0000000715000000| Complete 
| 163|0x0000000715200000, 0x0000000715400000, 0x0000000715400000|100%| E|CS|TAMS 0x0000000715200000, 0x0000000715200000| Complete 
| 164|0x0000000715400000, 0x0000000715600000, 0x0000000715600000|100%| E|CS|TAMS 0x0000000715400000, 0x0000000715400000| Complete 
| 165|0x0000000715600000, 0x0000000715800000, 0x0000000715800000|100%| E|CS|TAMS 0x0000000715600000, 0x0000000715600000| Complete 
| 166|0x0000000715800000, 0x0000000715a00000, 0x0000000715a00000|100%| E|CS|TAMS 0x0000000715800000, 0x0000000715800000| Complete 
| 167|0x0000000715a00000, 0x0000000715c00000, 0x0000000715c00000|100%| E|CS|TAMS 0x0000000715a00000, 0x0000000715a00000| Complete 
| 168|0x0000000715c00000, 0x0000000715e00000, 0x0000000715e00000|100%| E|CS|TAMS 0x0000000715c00000, 0x0000000715c00000| Complete 
| 169|0x0000000715e00000, 0x0000000716000000, 0x0000000716000000|100%| E|CS|TAMS 0x0000000715e00000, 0x0000000715e00000| Complete 
| 170|0x0000000716000000, 0x0000000716200000, 0x0000000716200000|100%| E|CS|TAMS 0x0000000716000000, 0x0000000716000000| Complete 
| 171|0x0000000716200000, 0x0000000716400000, 0x0000000716400000|100%| E|CS|TAMS 0x0000000716200000, 0x0000000716200000| Complete 
| 172|0x0000000716400000, 0x0000000716600000, 0x0000000716600000|100%| E|CS|TAMS 0x0000000716400000, 0x0000000716400000| Complete 
| 173|0x0000000716600000, 0x0000000716800000, 0x0000000716800000|100%| E|CS|TAMS 0x0000000716600000, 0x0000000716600000| Complete 
| 174|0x0000000716800000, 0x0000000716a00000, 0x0000000716a00000|100%| E|CS|TAMS 0x0000000716800000, 0x0000000716800000| Complete 
| 175|0x0000000716a00000, 0x0000000716c00000, 0x0000000716c00000|100%| E|CS|TAMS 0x0000000716a00000, 0x0000000716a00000| Complete 
| 176|0x0000000716c00000, 0x0000000716e00000, 0x0000000716e00000|100%| E|CS|TAMS 0x0000000716c00000, 0x0000000716c00000| Complete 

Card table byte_map: [0x000002835f280000,0x000002835fa80000] _byte_map_base: 0x000002835ba7a000

Marking Bits (Prev, Next): (CMBitMap*) 0x0000028345fed440, (CMBitMap*) 0x0000028345fed400
 Prev Bits: [0x0000028364250000, 0x0000028368220000)
 Next Bits: [0x0000028360280000, 0x0000028364250000)

Polling page: 0x0000028346060000

Metaspace:

Usage:
  Non-class:     42.23 MB used.
      Class:      6.95 MB used.
       Both:     49.18 MB used.

Virtual space:
  Non-class space:       48.00 MB reserved,      42.75 MB ( 89%) committed,  6 nodes.
      Class space:        1.00 GB reserved,       7.38 MB ( <1%) committed,  1 nodes.
             Both:        1.05 GB reserved,      50.12 MB (  5%) committed. 

Chunk freelists:
   Non-Class:  384.00 KB
       Class:  672.00 KB
        Both:  1.03 MB

MaxMetaspaceSize: unlimited
CompressedClassSpaceSize: 1.00 GB
Initial GC threshold: 21.00 MB
Current GC threshold: 71.88 MB
CDS: on
MetaspaceReclaimPolicy: balanced
 - commit_granule_bytes: 65536.
 - commit_granule_words: 8192.
 - virtual_space_node_default_size: 1048576.
 - enlarge_chunks_in_place: 1.
 - new_chunks_are_fully_committed: 0.
 - uncommit_free_chunks: 1.
 - use_allocation_guard: 0.
 - handle_deallocations: 1.


Internal statistics:

num_allocs_failed_limit: 18.
num_arena_births: 1448.
num_arena_deaths: 0.
num_vsnodes_births: 7.
num_vsnodes_deaths: 0.
num_space_committed: 800.
num_space_uncommitted: 0.
num_chunks_returned_to_freelist: 18.
num_chunks_taken_from_freelist: 3380.
num_chunk_merges: 18.
num_chunk_splits: 2222.
num_chunks_enlarged: 1442.
num_purges: 0.
num_inconsistent_stats: 0.

CodeHeap 'non-profiled nmethods': size=120000Kb used=4914Kb max_used=4914Kb free=115085Kb
 bounds [0x0000028356d10000, 0x00000283571e0000, 0x000002835e240000]
CodeHeap 'profiled nmethods': size=120000Kb used=12790Kb max_used=12790Kb free=107209Kb
 bounds [0x000002834f7e0000, 0x0000028350460000, 0x0000028356d10000]
CodeHeap 'non-nmethods': size=5760Kb used=1432Kb max_used=1477Kb free=4327Kb
 bounds [0x000002834f240000, 0x000002834f4b0000, 0x000002834f7e0000]
 total_blobs=7928 nmethods=7134 adapters=706
 compilation: enabled
              stopped_count=0, restarted_count=0
 full_count=0

Compilation events (20 events):
Event: 8.647 Thread 0x000002836aaf0000 8582       2       com.mojang.datafixers.optics.Optic::compose (10 bytes)
Event: 8.647 Thread 0x000002836aaf0000 nmethod 8582 0x000002835044f310 code [0x000002835044f4a0, 0x000002835044f6d8]
Event: 8.648 Thread 0x000002836aaf0000 8583       2       com.mojang.datafixers.TypedOptic::lambda$instanceOf$1 (6 bytes)
Event: 8.648 Thread 0x000002836aaf0000 nmethod 8583 0x000002835044f790 code [0x000002835044f920, 0x000002835044fa48]
Event: 8.648 Thread 0x000002836aaf0000 8584       2       com.google.common.reflect.TypeToken::someRawTypeIsSubclassOf (42 bytes)
Event: 8.648 Thread 0x000002836aaf0000 nmethod 8584 0x000002835044fb10 code [0x000002835044fd00, 0x000002835044ffa8]
Event: 8.648 Thread 0x000002836aaf0000 8585       2       com.mojang.datafixers.TypedOptic$$Lambda$2319/0x0000000801345110::test (12 bytes)
Event: 8.648 Thread 0x000002836aaf0000 nmethod 8585 0x0000028350450110 code [0x00000283504502c0, 0x0000028350450448]
Event: 8.648 Thread 0x000002836aaf0000 8586       2       com.mojang.datafixers.optics.Prism::eval (8 bytes)
Event: 8.648 Thread 0x000002836aaf0000 nmethod 8586 0x0000028350450590 code [0x0000028350450720, 0x0000028350450848]
Event: 8.648 Thread 0x000002836aaf0000 8587       2       com.mojang.datafixers.optics.Prism::eval (13 bytes)
Event: 8.648 Thread 0x000002836aaf0000 nmethod 8587 0x0000028350450910 code [0x0000028350450ac0, 0x0000028350450d48]
Event: 8.649 Thread 0x000002836aaeb7c0 nmethod 8568 0x00000283571d9390 code [0x00000283571d9560, 0x00000283571d99b8]
Event: 8.649 Thread 0x000002836aaeb7c0 8396       4       com.mojang.datafixers.functions.Functions::id (4 bytes)
Event: 8.650 Thread 0x000002836aaeb7c0 nmethod 8396 0x0000028356fe4b10 code [0x0000028356fe4c80, 0x0000028356fe4cd8]
Event: 8.650 Thread 0x000002836aaeb7c0 8559       4       com.mojang.datafixers.functions.PointFreeRule$AppNest::rewrite (43 bytes)
Event: 8.651 Thread 0x000002836aaeb7c0 nmethod 8559 0x0000028356fe4690 code [0x0000028356fe4840, 0x0000028356fe49a8]
Event: 8.651 Thread 0x000002836aaeb7c0 8489       4       com.mojang.datafixers.functions.PointFreeRule$Seq::hashCode (15 bytes)
Event: 8.651 Thread 0x000002836aaf0000 8588       2       com.mojang.datafixers.types.templates.Check$CheckType::equals (66 bytes)
Event: 8.651 Thread 0x000002836aaf0000 nmethod 8588 0x0000028350450e90 code [0x0000028350451040, 0x00000283504512c8]

GC Heap History (20 events):
Event: 6.010 GC heap before
{Heap before GC invocations=13 (full 0):
 garbage-first heap   total 192512K, used 169072K [0x0000000700c00000, 0x0000000800000000)
  region size 2048K, 49 young (100352K), 2 survivors (4096K)
 Metaspace       used 31946K, committed 32896K, reserved 1081344K
  class space    used 3886K, committed 4352K, reserved 1048576K
}
Event: 6.013 GC heap after
{Heap after GC invocations=14 (full 0):
 garbage-first heap   total 192512K, used 74179K [0x0000000700c00000, 0x0000000800000000)
  region size 2048K, 3 young (6144K), 3 survivors (6144K)
 Metaspace       used 31946K, committed 32896K, reserved 1081344K
  class space    used 3886K, committed 4352K, reserved 1048576K
}
Event: 6.342 GC heap before
{Heap before GC invocations=14 (full 0):
 garbage-first heap   total 192512K, used 156099K [0x0000000700c00000, 0x0000000800000000)
  region size 2048K, 44 young (90112K), 3 survivors (6144K)
 Metaspace       used 32367K, committed 33344K, reserved 1081344K
  class space    used 3952K, committed 4416K, reserved 1048576K
}
Event: 6.348 GC heap after
{Heap after GC invocations=15 (full 0):
 garbage-first heap   total 192512K, used 75864K [0x0000000700c00000, 0x0000000800000000)
  region size 2048K, 3 young (6144K), 3 survivors (6144K)
 Metaspace       used 32367K, committed 33344K, reserved 1081344K
  class space    used 3952K, committed 4416K, reserved 1048576K
}
Event: 6.572 GC heap before
{Heap before GC invocations=15 (full 0):
 garbage-first heap   total 192512K, used 161880K [0x0000000700c00000, 0x0000000800000000)
  region size 2048K, 45 young (92160K), 3 survivors (6144K)
 Metaspace       used 34257K, committed 35200K, reserved 1081344K
  class space    used 4181K, committed 4608K, reserved 1048576K
}
Event: 6.578 GC heap after
{Heap after GC invocations=16 (full 0):
 garbage-first heap   total 192512K, used 77363K [0x0000000700c00000, 0x0000000800000000)
  region size 2048K, 4 young (8192K), 4 survivors (8192K)
 Metaspace       used 34257K, committed 35200K, reserved 1081344K
  class space    used 4181K, committed 4608K, reserved 1048576K
}
Event: 6.851 GC heap before
{Heap before GC invocations=16 (full 0):
 garbage-first heap   total 192512K, used 159283K [0x0000000700c00000, 0x0000000800000000)
  region size 2048K, 45 young (92160K), 4 survivors (8192K)
 Metaspace       used 36465K, committed 37440K, reserved 1081344K
  class space    used 4669K, committed 5120K, reserved 1048576K
}
Event: 6.855 GC heap after
{Heap after GC invocations=17 (full 0):
 garbage-first heap   total 192512K, used 78918K [0x0000000700c00000, 0x0000000800000000)
  region size 2048K, 4 young (8192K), 4 survivors (8192K)
 Metaspace       used 36465K, committed 37440K, reserved 1081344K
  class space    used 4669K, committed 5120K, reserved 1048576K
}
Event: 6.985 GC heap before
{Heap before GC invocations=17 (full 0):
 garbage-first heap   total 192512K, used 160838K [0x0000000700c00000, 0x0000000800000000)
  region size 2048K, 44 young (90112K), 4 survivors (8192K)
 Metaspace       used 38210K, committed 39232K, reserved 1089536K
  class space    used 4916K, committed 5376K, reserved 1048576K
}
Event: 6.991 GC heap after
{Heap after GC invocations=18 (full 0):
 garbage-first heap   total 231424K, used 80373K [0x0000000700c00000, 0x0000000800000000)
  region size 2048K, 4 young (8192K), 4 survivors (8192K)
 Metaspace       used 38210K, committed 39232K, reserved 1089536K
  class space    used 4916K, committed 5376K, reserved 1048576K
}
Event: 7.155 GC heap before
{Heap before GC invocations=18 (full 0):
 garbage-first heap   total 231424K, used 193013K [0x0000000700c00000, 0x0000000800000000)
  region size 2048K, 59 young (120832K), 4 survivors (8192K)
 Metaspace       used 39607K, committed 40512K, reserved 1089536K
  class space    used 5104K, committed 5504K, reserved 1048576K
}
Event: 7.163 GC heap after
{Heap after GC invocations=19 (full 0):
 garbage-first heap   total 231424K, used 83126K [0x0000000700c00000, 0x0000000800000000)
  region size 2048K, 5 young (10240K), 5 survivors (10240K)
 Metaspace       used 39607K, committed 40512K, reserved 1089536K
  class space    used 5104K, committed 5504K, reserved 1048576K
}
Event: 7.478 GC heap before
{Heap before GC invocations=19 (full 0):
 garbage-first heap   total 231424K, used 193718K [0x0000000700c00000, 0x0000000800000000)
  region size 2048K, 59 young (120832K), 5 survivors (10240K)
 Metaspace       used 41154K, committed 42112K, reserved 1089536K
  class space    used 5372K, committed 5824K, reserved 1048576K
}
Event: 7.489 GC heap after
{Heap after GC invocations=20 (full 0):
 garbage-first heap   total 231424K, used 92409K [0x0000000700c00000, 0x0000000800000000)
  region size 2048K, 8 young (16384K), 8 survivors (16384K)
 Metaspace       used 41154K, committed 42112K, reserved 1089536K
  class space    used 5372K, committed 5824K, reserved 1048576K
}
Event: 7.667 GC heap before
{Heap before GC invocations=20 (full 0):
 garbage-first heap   total 231424K, used 188665K [0x0000000700c00000, 0x0000000800000000)
  region size 2048K, 55 young (112640K), 8 survivors (16384K)
 Metaspace       used 41504K, committed 42496K, reserved 1089536K
  class space    used 5433K, committed 5888K, reserved 1048576K
}
Event: 7.683 GC heap after
{Heap after GC invocations=21 (full 0):
 garbage-first heap   total 231424K, used 104017K [0x0000000700c00000, 0x0000000800000000)
  region size 2048K, 6 young (12288K), 6 survivors (12288K)
 Metaspace       used 41504K, committed 42496K, reserved 1089536K
  class space    used 5433K, committed 5888K, reserved 1048576K
}
Event: 7.815 GC heap before
{Heap before GC invocations=21 (full 0):
 garbage-first heap   total 231424K, used 185937K [0x0000000700c00000, 0x0000000800000000)
  region size 2048K, 46 young (94208K), 6 survivors (12288K)
 Metaspace       used 42112K, committed 43072K, reserved 1089536K
  class space    used 5513K, committed 5952K, reserved 1048576K
}
Event: 7.829 GC heap after
{Heap after GC invocations=22 (full 0):
 garbage-first heap   total 362496K, used 111314K [0x0000000700c00000, 0x0000000800000000)
  region size 2048K, 4 young (8192K), 4 survivors (8192K)
 Metaspace       used 42112K, committed 43072K, reserved 1089536K
  class space    used 5513K, committed 5952K, reserved 1048576K
}
Event: 7.942 GC heap before
{Heap before GC invocations=22 (full 0):
 garbage-first heap   total 362496K, used 150226K [0x0000000700c00000, 0x0000000800000000)
  region size 2048K, 24 young (49152K), 4 survivors (8192K)
 Metaspace       used 42873K, committed 43776K, reserved 1089536K
  class space    used 5660K, committed 6080K, reserved 1048576K
}
Event: 7.949 GC heap after
{Heap after GC invocations=23 (full 0):
 garbage-first heap   total 362496K, used 114514K [0x0000000700c00000, 0x0000000800000000)
  region size 2048K, 6 young (12288K), 6 survivors (12288K)
 Metaspace       used 42873K, committed 43776K, reserved 1089536K
  class space    used 5660K, committed 6080K, reserved 1048576K
}

Deoptimization events (20 events):
Event: 8.628 Thread 0x000002837068d990 Uncommon trap: reason=unstable_if action=reinterpret pc=0x000002835700ac0c method=com.mojang.datafixers.types.templates.Sum.equals(Ljava/lang/Object;)Z @ 32 c2
Event: 8.628 Thread 0x0000028370694840 Uncommon trap: reason=unstable_if action=reinterpret pc=0x000002835700ac0c method=com.mojang.datafixers.types.templates.Sum.equals(Ljava/lang/Object;)Z @ 32 c2
Event: 8.628 Thread 0x0000028370691350 Uncommon trap: trap_request=0xffffff45 fr.pc=0x000002835700ac0c relative=0x00000000000000ec
Event: 8.628 Thread 0x0000028370691350 Uncommon trap: reason=unstable_if action=reinterpret pc=0x000002835700ac0c method=com.mojang.datafixers.types.templates.Sum.equals(Ljava/lang/Object;)Z @ 32 c2
Event: 8.629 Thread 0x000002837068d990 DEOPT PACKING pc=0x000002835700ac0c sp=0x000000a8acbfbfe0
Event: 8.629 Thread 0x000002837068d990 DEOPT UNPACKING pc=0x000002834f2923a3 sp=0x000000a8acbfbf78 mode 2
Event: 8.629 Thread 0x0000028370694840 DEOPT PACKING pc=0x000002835700ac0c sp=0x000000a8ac7fe160
Event: 8.629 Thread 0x0000028370694840 DEOPT UNPACKING pc=0x000002834f2923a3 sp=0x000000a8ac7fe0f8 mode 2
Event: 8.629 Thread 0x000002837068d990 Uncommon trap: trap_request=0xffffff45 fr.pc=0x000002835700ac0c relative=0x00000000000000ec
Event: 8.629 Thread 0x0000028370694840 Uncommon trap: trap_request=0xffffff45 fr.pc=0x000002835700ac0c relative=0x00000000000000ec
Event: 8.629 Thread 0x0000028370691350 DEOPT PACKING pc=0x000002835700ac0c sp=0x000000a8acafc290
Event: 8.629 Thread 0x0000028370691350 DEOPT UNPACKING pc=0x000002834f2923a3 sp=0x000000a8acafc228 mode 2
Event: 8.631 Thread 0x000002837068d990 Uncommon trap: reason=unstable_if action=reinterpret pc=0x000002835700ac0c method=com.mojang.datafixers.types.templates.Sum.equals(Ljava/lang/Object;)Z @ 32 c2
Event: 8.631 Thread 0x0000028370694840 Uncommon trap: reason=unstable_if action=reinterpret pc=0x000002835700ac0c method=com.mojang.datafixers.types.templates.Sum.equals(Ljava/lang/Object;)Z @ 32 c2
Event: 8.634 Thread 0x000002837068d990 DEOPT PACKING pc=0x000002835700ac0c sp=0x000000a8acbfc020
Event: 8.634 Thread 0x000002837068d990 DEOPT UNPACKING pc=0x000002834f2923a3 sp=0x000000a8acbfbfb8 mode 2
Event: 8.634 Thread 0x0000028370694840 DEOPT PACKING pc=0x000002835700ac0c sp=0x000000a8ac7fe1a0
Event: 8.635 Thread 0x0000028370694840 DEOPT UNPACKING pc=0x000002834f2923a3 sp=0x000000a8ac7fe138 mode 2
Event: 8.640 Thread 0x0000028370694d10 DEOPT PACKING pc=0x00000283502e8ed8 sp=0x000000a8ac8fc620
Event: 8.640 Thread 0x0000028370694d10 DEOPT UNPACKING pc=0x000002834f292b43 sp=0x000000a8ac8fbac0 mode 0

Classes unloaded (0 events):
No events

Classes redefined (0 events):
No events

Internal exceptions (20 events):
Event: 7.878 Thread 0x0000028370690010 Exception <a 'java/lang/NoSuchMethodError'{0x00000007150e8a70}: 'java.lang.Object java.lang.invoke.DirectMethodHandle$Holder.newInvokeSpecial(java.lang.Object, int, java.lang.Object, java.lang.Object, java.lang.Object, java.lang.Object)'> (0x00000007150e8a70) 
thrown [e:\jenkins\tmp\workspace\build\src\src\hotspot\share\interpreter\linkResolver.cpp, line 766]
Event: 7.878 Thread 0x0000028370690010 Exception <a 'java/lang/IncompatibleClassChangeError'{0x00000007150f1088}: Found class java.lang.Object, but interface was expected> (0x00000007150f1088) 
thrown [e:\jenkins\tmp\workspace\build\src\src\hotspot\share\interpreter\linkResolver.cpp, line 833]
Event: 7.886 Thread 0x0000028370690010 Exception <a 'java/lang/IncompatibleClassChangeError'{0x0000000715193090}: Found class java.lang.Object, but interface was expected> (0x0000000715193090) 
thrown [e:\jenkins\tmp\workspace\build\src\src\hotspot\share\interpreter\linkResolver.cpp, line 833]
Event: 7.927 Thread 0x0000028370690010 Exception <a 'java/lang/IncompatibleClassChangeError'{0x00000007149aab58}: Found class java.lang.Object, but interface was expected> (0x00000007149aab58) 
thrown [e:\jenkins\tmp\workspace\build\src\src\hotspot\share\interpreter\linkResolver.cpp, line 833]
Event: 7.971 Thread 0x0000028370690010 Exception <a 'java/lang/NoSuchMethodError'{0x0000000716b79c00}: 'java.lang.Object java.lang.invoke.DirectMethodHandle$Holder.newInvokeSpecial(java.lang.Object, java.lang.Object, java.lang.Object, java.lang.Object, java.lang.Object, int)'> (0x0000000716b79c00) 
thrown [e:\jenkins\tmp\workspace\build\src\src\hotspot\share\interpreter\linkResolver.cpp, line 766]
Event: 7.978 Thread 0x0000028370690010 Exception <a 'java/lang/NoSuchMethodError'{0x00000007168594f8}: 'java.lang.Object java.lang.invoke.DirectMethodHandle$Holder.newInvokeSpecial(java.lang.Object, java.lang.Object, java.lang.Object, java.lang.Object, int)'> (0x00000007168594f8) 
thrown [e:\jenkins\tmp\workspace\build\src\src\hotspot\share\interpreter\linkResolver.cpp, line 766]
Event: 8.005 Thread 0x0000028370690010 Exception <a 'java/lang/IncompatibleClassChangeError'{0x00000007168ed168}: Found class java.lang.Object, but interface was expected> (0x00000007168ed168) 
thrown [e:\jenkins\tmp\workspace\build\src\src\hotspot\share\interpreter\linkResolver.cpp, line 833]
Event: 8.030 Thread 0x0000028370690010 Exception <a 'java/lang/IncompatibleClassChangeError'{0x0000000716977600}: Found class java.lang.Object, but interface was expected> (0x0000000716977600) 
thrown [e:\jenkins\tmp\workspace\build\src\src\hotspot\share\interpreter\linkResolver.cpp, line 833]
Event: 8.030 Thread 0x0000028370690010 Exception <a 'java/lang/IncompatibleClassChangeError'{0x0000000716986e58}: Found class java.lang.Object, but interface was expected> (0x0000000716986e58) 
thrown [e:\jenkins\tmp\workspace\build\src\src\hotspot\share\interpreter\linkResolver.cpp, line 833]
Event: 8.036 Thread 0x0000028370690010 Exception <a 'java/lang/NoSuchMethodError'{0x0000000716662060}: 'void java.lang.invoke.DirectMethodHandle$Holder.invokeSpecial(java.lang.Object, java.lang.Object, java.lang.Object, java.lang.Object, java.lang.Object, java.lang.Object, java.lang.Object)'> (0x0000000716662060) 
thrown [e:\jenkins\tmp\workspace\build\src\src\hotspot\share\interpreter\linkResolver.cpp, line 766]
Event: 8.350 Thread 0x0000028370690010 Exception <a 'java/lang/NoSuchMethodError'{0x000000071161ee88}: 'java.lang.Object java.lang.invoke.DirectMethodHandle$Holder.newInvokeSpecial(java.lang.Object, int, int, int)'> (0x000000071161ee88) 
thrown [e:\jenkins\tmp\workspace\build\src\src\hotspot\share\interpreter\linkResolver.cpp, line 766]
Event: 8.382 Thread 0x0000028370690010 Exception <a 'java/lang/NoSuchMethodError'{0x000000071106ff58}: 'java.lang.Object java.lang.invoke.DirectMethodHandle$Holder.invokeSpecial(java.lang.Object, java.lang.Object, java.lang.Object, java.lang.Object, java.lang.Object, java.lang.Object, int)'> (0x000000071106ff58) 
thrown [e:\jenkins\tmp\workspace\build\src\src\hotspot\share\interpreter\linkResolver.cpp, line 766]
Event: 8.382 Thread 0x0000028370690010 Exception <a 'java/lang/NoSuchMethodError'{0x0000000711073838}: 'java.lang.Object java.lang.invoke.Invokers$Holder.linkToTargetMethod(java.lang.Object, java.lang.Object, java.lang.Object, java.lang.Object, int, java.lang.Object)'> (0x0000000711073838) 
thrown [e:\jenkins\tmp\workspace\build\src\src\hotspot\share\interpreter\linkResolver.cpp, line 766]
Event: 8.387 Thread 0x0000028370694d10 Exception <a 'java/lang/NoSuchMethodError'{0x0000000710e1ac60}: 'java.lang.Object java.lang.invoke.DirectMethodHandle$Holder.invokeSpecial(java.lang.Object, java.lang.Object, int, int, java.lang.Object)'> (0x0000000710e1ac60) 
thrown [e:\jenkins\tmp\workspace\build\src\src\hotspot\share\interpreter\linkResolver.cpp, line 766]
Event: 8.388 Thread 0x0000028370694d10 Exception <a 'java/lang/NoSuchMethodError'{0x0000000710e21448}: 'java.lang.Object java.lang.invoke.DirectMethodHandle$Holder.newInvokeSpecial(java.lang.Object, java.lang.Object, int, int)'> (0x0000000710e21448) 
thrown [e:\jenkins\tmp\workspace\build\src\src\hotspot\share\interpreter\linkResolver.cpp, line 766]
Event: 8.388 Thread 0x000002837068e330 Exception <a 'java/lang/NoSuchMethodError'{0x0000000710f04038}: 'java.lang.Object java.lang.invoke.DirectMethodHandle$Holder.newInvokeSpecial(java.lang.Object, java.lang.Object, int, int)'> (0x0000000710f04038) 
thrown [e:\jenkins\tmp\workspace\build\src\src\hotspot\share\interpreter\linkResolver.cpp, line 766]
Event: 8.481 Thread 0x000002837068e330 Exception <a 'java/lang/NoSuchMethodError'{0x000000070f03fc40}: 'java.lang.Object java.lang.invoke.DirectMethodHandle$Holder.newInvokeSpecial(java.lang.Object, java.lang.Object, java.lang.Object, java.lang.Object, java.lang.Object, java.lang.Object, java.lang.Object, java.lang.Object, java.lang.Object, java.lang.Object)'> (0x000000070f03fc40) 
thrown [e:\jenkins\tmp\workspace\build\src\src\hotspot\share\interpreter\linkResolver.cpp, line 766]
Event: 8.481 Thread 0x000002837068e330 Exception <a 'java/lang/NoSuchMethodError'{0x000000070f044208}: 'java.lang.Object java.lang.invoke.Invokers$Holder.linkToTargetMethod(java.lang.Object, java.lang.Object, java.lang.Object, java.lang.Object, java.lang.Object, java.lang.Object, java.lang.Object, java.lang.Object, java.lang.Object, java.lang.Object)'> (0x000000070f044208) 
thrown [e:\jenkins\tmp\workspace\build\src\src\hotspot\share\interpreter\linkResolver.cpp, line 766]
Event: 8.545 Thread 0x000002837068e330 Exception <a 'java/lang/NoSuchMethodError'{0x000000070e399758}: 'java.lang.Object java.lang.invoke.DirectMethodHandle$Holder.newInvokeSpecial(java.lang.Object, java.lang.Object, java.lang.Object, java.lang.Object, java.lang.Object, java.lang.Object, java.lang.Object, java.lang.Object, java.lang.Object)'> (0x000000070e399758) 
thrown [e:\jenkins\tmp\workspace\build\src\src\hotspot\share\interpreter\linkResolver.cpp, line 766]
Event: 8.545 Thread 0x000002837068e330 Exception <a 'java/lang/NoSuchMethodError'{0x000000070e39e408}: 'java.lang.Object java.lang.invoke.Invokers$Holder.linkToTargetMethod(java.lang.Object, java.lang.Object, java.lang.Object, java.lang.Object, java.lang.Object, java.lang.Object, java.lang.Object, java.lang.Object, java.lang.Object)'> (0x000000070e39e408) 
thrown [e:\jenkins\tmp\workspace\build\src\src\hotspot\share\interpreter\linkResolver.cpp, line 766]

VM Operations (20 events):
Event: 7.796 Executing VM operation: HandshakeAllThreads
Event: 7.796 Executing VM operation: HandshakeAllThreads done
Event: 7.815 Executing VM operation: G1CollectForAllocation
Event: 7.829 Executing VM operation: G1CollectForAllocation done
Event: 7.942 Executing VM operation: CollectForMetadataAllocation
Event: 7.952 Executing VM operation: CollectForMetadataAllocation done
Event: 7.980 Executing VM operation: CollectForMetadataAllocation
Event: 7.980 Executing VM operation: CollectForMetadataAllocation done
Event: 8.001 Executing VM operation: G1Concurrent
Event: 8.005 Executing VM operation: G1Concurrent done
Event: 8.025 Executing VM operation: G1Concurrent
Event: 8.026 Executing VM operation: G1Concurrent done
Event: 8.343 Executing VM operation: ICBufferFull
Event: 8.343 Executing VM operation: ICBufferFull done
Event: 8.515 Executing VM operation: ICBufferFull
Event: 8.516 Executing VM operation: ICBufferFull done
Event: 8.578 Executing VM operation: HandshakeAllThreads
Event: 8.578 Executing VM operation: HandshakeAllThreads done
Event: 8.644 Executing VM operation: ICBufferFull
Event: 8.650 Executing VM operation: ICBufferFull done

Events (20 events):
Event: 8.112 loading class java/util/stream/ReferencePipeline$4 done
Event: 8.113 loading class java/util/stream/ReduceOps$7
Event: 8.113 loading class java/util/stream/ReduceOps$7 done
Event: 8.113 loading class java/util/stream/ReduceOps$6ReducingSink
Event: 8.113 loading class java/util/stream/ReduceOps$6ReducingSink done
Event: 8.113 loading class java/util/stream/ReferencePipeline$4$1
Event: 8.113 loading class java/util/stream/ReferencePipeline$4$1 done
Event: 8.371 loading class java/util/function/IntUnaryOperator
Event: 8.371 loading class java/util/function/IntUnaryOperator done
Event: 8.382 loading class java/util/concurrent/CompletableFuture$AsyncRun
Event: 8.382 loading class java/util/concurrent/CompletableFuture$AsyncRun done
Event: 8.383 Thread 0x0000028370694840 Thread added: 0x0000028370694840
Event: 8.383 loading class java/util/concurrent/CompletableFuture$UniExceptionally
Event: 8.383 loading class java/util/concurrent/CompletableFuture$UniExceptionally done
Event: 8.383 Thread 0x0000028370694d10 Thread added: 0x0000028370694d10
Event: 8.383 Thread 0x000002837068e330 Thread added: 0x000002837068e330
Event: 8.384 Thread 0x0000028370691350 Thread added: 0x0000028370691350
Event: 8.384 Thread 0x000002837068d990 Thread added: 0x000002837068d990
Event: 8.548 loading class java/util/concurrent/CompletableFuture$Signaller
Event: 8.548 loading class java/util/concurrent/CompletableFuture$Signaller done


Dynamic libraries:
0x00007ff6c7b30000 - 0x00007ff6c7b3e000 	C:\Users\Jexel\.gradle\jdks\jdk-17.0.1+12\bin\java.exe
0x00007ffb20a70000 - 0x00007ffb20c65000 	C:\Windows\SYSTEM32\ntdll.dll
0x00007ffb1f690000 - 0x00007ffb1f74d000 	C:\Windows\System32\KERNEL32.DLL
0x00007ffb1e610000 - 0x00007ffb1e8d7000 	C:\Windows\System32\KERNELBASE.dll
0x00007ffb1e9e0000 - 0x00007ffb1eae0000 	C:\Windows\System32\ucrtbase.dll
0x00007ffb002c0000 - 0x00007ffb002d9000 	C:\Users\Jexel\.gradle\jdks\jdk-17.0.1+12\bin\VCRUNTIME140.dll
0x00007ffb01340000 - 0x00007ffb01358000 	C:\Users\Jexel\.gradle\jdks\jdk-17.0.1+12\bin\jli.dll
0x00007ffb1eb90000 - 0x00007ffb1ed30000 	C:\Windows\System32\USER32.dll
0x00007ffb1e1c0000 - 0x00007ffb1e1e2000 	C:\Windows\System32\win32u.dll
0x00007ffb12ee0000 - 0x00007ffb1317a000 	C:\Windows\WinSxS\amd64_microsoft.windows.common-controls_6595b64144ccf1df_6.0.19041.1_none_b555e41d4684ddec\COMCTL32.dll
0x00007ffb206b0000 - 0x00007ffb206da000 	C:\Windows\System32\GDI32.dll
0x00007ffb1e400000 - 0x00007ffb1e50a000 	C:\Windows\System32\gdi32full.dll
0x00007ffb1f130000 - 0x00007ffb1f1ce000 	C:\Windows\System32\msvcrt.dll
0x00007ffb1e940000 - 0x00007ffb1e9dd000 	C:\Windows\System32\msvcp_win.dll
0x00007ffb20550000 - 0x00007ffb20580000 	C:\Windows\System32\IMM32.DLL
0x00007ffb01330000 - 0x00007ffb0133c000 	C:\Users\Jexel\.gradle\jdks\jdk-17.0.1+12\bin\vcruntime140_1.dll
0x00007ffae8ff0000 - 0x00007ffae9081000 	C:\Users\Jexel\.gradle\jdks\jdk-17.0.1+12\bin\msvcp140.dll
0x00007ffae7520000 - 0x00007ffae8166000 	C:\Users\Jexel\.gradle\jdks\jdk-17.0.1+12\bin\server\jvm.dll
0x00007ffb207b0000 - 0x00007ffb2085a000 	C:\Windows\System32\ADVAPI32.dll
0x00007ffb1f590000 - 0x00007ffb1f62b000 	C:\Windows\System32\sechost.dll
0x00007ffb20580000 - 0x00007ffb206a3000 	C:\Windows\System32\RPCRT4.dll
0x00007ffb1f760000 - 0x00007ffb1f768000 	C:\Windows\System32\PSAPI.DLL
0x00007ffae0ff0000 - 0x00007ffae0ff9000 	C:\Windows\SYSTEM32\WSOCK32.dll
0x00007ffb17340000 - 0x00007ffb17367000 	C:\Windows\SYSTEM32\WINMM.dll
0x00007ffb204e0000 - 0x00007ffb2054b000 	C:\Windows\System32\WS2_32.dll
0x00007ffb182d0000 - 0x00007ffb182da000 	C:\Windows\SYSTEM32\VERSION.dll
0x00007ffb1c160000 - 0x00007ffb1c173000 	C:\Windows\SYSTEM32\kernel.appcore.dll
0x00007ffb002b0000 - 0x00007ffb002ba000 	C:\Users\Jexel\.gradle\jdks\jdk-17.0.1+12\bin\jimage.dll
0x00007ffb13c90000 - 0x00007ffb13e74000 	C:\Windows\SYSTEM32\DBGHELP.DLL
0x00007ffb0a2d0000 - 0x00007ffb0a2fc000 	C:\Windows\SYSTEM32\dbgcore.DLL
0x00007ffb1e510000 - 0x00007ffb1e58f000 	C:\Windows\System32\bcryptPrimitives.dll
0x00007ffb007f0000 - 0x00007ffb007fe000 	C:\Users\Jexel\.gradle\jdks\jdk-17.0.1+12\bin\instrument.dll
0x00007ffb00280000 - 0x00007ffb002a5000 	C:\Users\Jexel\.gradle\jdks\jdk-17.0.1+12\bin\java.dll
0x00007ffae8f10000 - 0x00007ffae8fe6000 	C:\Users\Jexel\.gradle\jdks\jdk-17.0.1+12\bin\svml.dll
0x00007ffb1fda0000 - 0x00007ffb204e0000 	C:\Windows\System32\SHELL32.dll
0x00007ffb1c360000 - 0x00007ffb1caf1000 	C:\Windows\SYSTEM32\windows.storage.dll
0x00007ffb1f1d0000 - 0x00007ffb1f523000 	C:\Windows\System32\combase.dll
0x00007ffb1dc40000 - 0x00007ffb1dc6c000 	C:\Windows\SYSTEM32\Wldp.dll
0x00007ffb1fbe0000 - 0x00007ffb1fc8e000 	C:\Windows\System32\SHCORE.dll
0x00007ffb1fca0000 - 0x00007ffb1fcf5000 	C:\Windows\System32\shlwapi.dll
0x00007ffb1e100000 - 0x00007ffb1e11f000 	C:\Windows\SYSTEM32\profapi.dll
0x00007ffb001d0000 - 0x00007ffb001e9000 	C:\Users\Jexel\.gradle\jdks\jdk-17.0.1+12\bin\net.dll
0x00007ffb171e0000 - 0x00007ffb172e0000 	C:\Windows\SYSTEM32\WINHTTP.dll
0x00007ffb1d9c0000 - 0x00007ffb1da2a000 	C:\Windows\system32\mswsock.dll
0x00007ffb001b0000 - 0x00007ffb001c5000 	C:\Users\Jexel\.gradle\jdks\jdk-17.0.1+12\bin\nio.dll
0x00007ffb00190000 - 0x00007ffb001a8000 	C:\Users\Jexel\.gradle\jdks\jdk-17.0.1+12\bin\zip.dll
0x00007ffaffe20000 - 0x00007ffaffe3a000 	C:\Program Files\JetBrains\IntelliJ IDEA Community Edition 2021.2.2\bin\breakgen64.dll
0x00007ffb00180000 - 0x00007ffb00190000 	C:\Users\Jexel\.gradle\jdks\jdk-17.0.1+12\bin\verify.dll
0x00007ffb0e290000 - 0x00007ffb0e299000 	C:\Users\Jexel\.gradle\jdks\jdk-17.0.1+12\bin\management.dll
0x00007ffb00820000 - 0x00007ffb0082b000 	C:\Users\Jexel\.gradle\jdks\jdk-17.0.1+12\bin\management_ext.dll
0x00007ffb00b70000 - 0x00007ffb00b87000 	C:\Windows\system32\napinsp.dll
0x00007ffb00b50000 - 0x00007ffb00b6b000 	C:\Windows\system32\pnrpnsp.dll
0x00007ffb00b30000 - 0x00007ffb00b45000 	C:\Windows\system32\wshbth.dll
0x00007ffb19cf0000 - 0x00007ffb19d0d000 	C:\Windows\system32\NLAapi.dll
0x00007ffb1d660000 - 0x00007ffb1d69b000 	C:\Windows\SYSTEM32\IPHLPAPI.DLL
0x00007ffb1d6b0000 - 0x00007ffb1d77a000 	C:\Windows\SYSTEM32\DNSAPI.dll
0x00007ffb1f750000 - 0x00007ffb1f759000 	C:\Windows\System32\NSI.dll
0x00007ffb00b10000 - 0x00007ffb00b22000 	C:\Windows\System32\winrnr.dll
0x00007ffb17a80000 - 0x00007ffb17a8a000 	C:\Windows\System32\rasadhlp.dll
0x00007ffb15a10000 - 0x00007ffb15a8f000 	C:\Windows\System32\fwpuclnt.dll
0x00007ffb1e590000 - 0x00007ffb1e5b7000 	C:\Windows\System32\bcrypt.dll
0x00007ffb1dba0000 - 0x00007ffb1dbb8000 	C:\Windows\SYSTEM32\CRYPTSP.dll
0x00007ffb1d2e0000 - 0x00007ffb1d314000 	C:\Windows\system32\rsaenh.dll
0x00007ffb1e0c0000 - 0x00007ffb1e0ee000 	C:\Windows\SYSTEM32\USERENV.dll
0x00007ffb1db90000 - 0x00007ffb1db9c000 	C:\Windows\SYSTEM32\CRYPTBASE.dll
0x00007ffb18500000 - 0x00007ffb18517000 	C:\Windows\SYSTEM32\dhcpcsvc6.DLL
0x00007ffb18440000 - 0x00007ffb1845d000 	C:\Windows\SYSTEM32\dhcpcsvc.DLL
0x00007ffaee1a0000 - 0x00007ffaee1e4000 	C:\Users\Jexel\AppData\Local\Temp\jna-71468004\jna6195728247054559854.dll
0x00007ffb1ee50000 - 0x00007ffb1ef79000 	C:\Windows\System32\Ole32.dll
0x00007ffb1eae0000 - 0x00007ffb1eb88000 	C:\Windows\System32\clbcatq.dll
0x00007ffb206e0000 - 0x00007ffb207ad000 	C:\Windows\System32\OleAut32.dll
0x00007ffb0c180000 - 0x00007ffb0c197000 	C:\Windows\SYSTEM32\amsi.dll
0x00007ffb0c050000 - 0x00007ffb0c0ca000 	C:\ProgramData\Microsoft\Windows Defender\platform\4.18.2007.8-0\MpOav.dll
0x00007ffaf0fd0000 - 0x00007ffaf1019000 	C:\Windows\SYSTEM32\Pdh.dll
0x00007ffb00ae0000 - 0x00007ffb00aef000 	C:\Windows\System32\perfos.dll

dbghelp: loaded successfully - version: 4.0.5 - missing functions: none
symbol engine: initialized successfully - sym options: 0x614 - pdb path: .;C:\Users\Jexel\.gradle\jdks\jdk-17.0.1+12\bin;C:\Windows\SYSTEM32;C:\Windows\WinSxS\amd64_microsoft.windows.common-controls_6595b64144ccf1df_6.0.19041.1_none_b555e41d4684ddec;C:\Users\Jexel\.gradle\jdks\jdk-17.0.1+12\bin\server;C:\Program Files\JetBrains\IntelliJ IDEA Community Edition 2021.2.2\bin;C:\Users\Jexel\AppData\Local\Temp\jna-71468004;C:\ProgramData\Microsoft\Windows Defender\platform\4.18.2007.8-0

VM Arguments:
jvm_args: -Dforge.logging.console.level=debug -Dforge.logging.markers=REGISTRIES -DlegacyClassPath.file=C:\Users\Jexel\Desktop\RedDragonMod\build\classpath\runClient_minecraftClasspath.txt -DignoreList=bootstraplauncher,securejarhandler,asm-commons,asm-util,asm-analysis,asm-tree,asm,client-extra,fmlcore,javafmllanguage,mclanguage,forge- -DnativesDirectory=C:\Users\Jexel\Desktop\RedDragonMod\build\natives -DmergeModules=jna-5.8.0.jar,jna-platform-58.0.jar,java-objc-bridge-1.0.0.jar --module-path=C:\Users\Jexel\.gradle\caches\modules-2\files-2.1\cpw.mods\bootstraplauncher\0.1.17\899fb8e3912bb7d14a6f9611de117f77db710ec3\bootstraplauncher-0.1.17.jar;C:\Users\Jexel\.gradle\caches\modules-2\files-2.1\cpw.mods\securejarhandler\0.9.54\24b670f2c026ec9777e64a2c2126ebc8635dbe8d\securejarhandler-0.9.54.jar;C:\Users\Jexel\.gradle\caches\modules-2\files-2.1\org.ow2.asm\asm-commons\9.1\8b971b182eb5cf100b9e8d4119152d83e00e0fdd\asm-commons-9.1.jar;C:\Users\Jexel\.gradle\caches\modules-2\files-2.1\org.ow2.asm\asm-util\9.1\36464a45d871779f3383a8a9aba2b26562a86729\asm-util-9.1.jar;C:\Users\Jexel\.gradle\caches\modules-2\files-2.1\org.ow2.asm\asm-analysis\9.1\4f61b83b81d8b659958f4bcc48907e93ecea55a0\asm-analysis-9.1.jar;C:\Users\Jexel\.gradle\caches\modules-2\files-2.1\org.ow2.asm\asm-tree\9.1\c333f2a855069cb8eb17a40a3eb8b1b67755d0eb\asm-tree-9.1.jar;C:\Users\Jexel\.gradle\caches\modules-2\files-2.1\org.ow2.asm\asm\9.1\a99500cf6eea30535eeac6be73899d048f8d12a8\asm-9.1.jar --add-modules=ALL-MODULE-PATH --add-opens=java.base/java.util.jar=cpw.mods.securejarhandler --add-exports=java.base/sun.security.util=cpw.mods.securejarhandler --add-exports=jdk.naming.dns/com.sun.jndi.dns=java.naming -XX:HeapDumpPath=MojangTricksIntelDriversForPerformance_javaw.exe_minecraft.exe.heapdump -Dos.name=Windows 10 -Dos.version=10.0 -javaagent:C:\Program Files\JetBrains\IntelliJ IDEA Community Edition 2021.2.2\lib\idea_rt.jar=54167:C:\Program Files\JetBrains\IntelliJ IDEA Community Edition 2021.2.2\bin -Dfile.encoding=UTF-8 
java_command: cpw.mods.bootstraplauncher.BootstrapLauncher --launchTarget forgeclientuserdev --version MOD_DEV --assetIndex 1.18 --assetsDir C:\Users\Jexel\.gradle\caches\forge_gradle\assets --gameDir . --fml.forgeVersion 39.0.3 --fml.mcVersion 1.18.1 --fml.forgeGroup net.minecraftforge --fml.mcpVersion 20211210.034407
java_class_path (initial): C:\Users\Jexel\Desktop\RedDragonMod\build\classes\java\main;C:\Users\Jexel\Desktop\RedDragonMod\build\resources\main;C:\Users\Jexel\.gradle\caches\forge_gradle\deobf_dependencies\software\bernie\geckolib\geckolib-1.18-forge\3.0.3_mapped_parchment_2022.01.23-1.18.1\geckolib-1.18-forge-3.0.3_mapped_parchment_2022.01.23-1.18.1.jar;C:\Users\Jexel\.gradle\caches\forge_gradle\minecraft_user_repo\net\minecraftforge\forge\1.18.1-39.0.3_mapped_parchment_2022.01.23-1.18.1\forge-1.18.1-39.0.3_mapped_parchment_2022.01.23-1.18.1-recomp.jar;C:\Users\Jexel\.gradle\caches\forge_gradle\minecraft_repo\versions\1.18.1\client-extra.jar;C:\Users\Jexel\.gradle\caches\modules-2\files-2.1\net.minecraftforge\fmlloader\1.18.1-39.0.3\fa8ab99ce5b12e40c7662ba7be98690b1281fb7\fmlloader-1.18.1-39.0.3.jar;C:\Users\Jexel\.gradle\caches\modules-2\files-2.1\com.google.guava\guava\31.0.1-jre\119ea2b2bc205b138974d351777b20f02b92704b\guava-31.0.1-jre.jar;C:\Users\Jexel\.gradle\caches\modules-2\files-2.1\com.google.code.findbugs\jsr305\3.0.2\25ea2e8b0c338a877313bd4672d3fe056ea78f0d\jsr305-3.0.2.jar;C:\Users\Jexel\.gradle\caches\modules-2\files-2.1\ca.weblite\java-objc-bridge\1.0.0\6ef160c3133a78de015830860197602ca1c855d3\java-objc-bridge-1.0.0.jar;C:\Users\Jexel\.gradle\caches\modules-2\files-2.1\net.minecraftforge\mergetool\1.1.3\d7d4b6eac7f49c59255c8ac25190802c29ac9a4a\mergetool-1.1.3-api.jar;C:\Users\Jexel\.gradle\caches\modules-2\files-2.1\org.jetbrains\annotations\23.0.0\8cc20c07506ec18e0834947b84a864bfc094484e\annotations-23.0.0.jar;C:\Users\Jexel\.gradle\caches\parchmentgradle\org\parchmentmc\data\parchment-1.18.1\2022.01.23\parchment-1.18.1-2022.01.23.zip;C:\Users\Jexel\.gradle\caches\modules-2\files-2.1\org.openjdk.nashorn\nashorn-core\15.3\43977e804697048fc8d81d333a36c17d07a5b3dd\nashorn-core-15.3.jar;C:\Users\Jexel\.gradle\caches\modules-2\files-2.1\cpw.mods\modlauncher\9.0.24\d581f56ce7e1f1bc5acb467918cb976f440604d\modlauncher-9.0.24.jar;C:\Users\Jexel\.gradle\cac
Launcher Type: SUN_STANDARD

[Global flags]
     intx CICompilerCount                          = 3                                         {product} {ergonomic}
     uint ConcGCThreads                            = 2                                         {product} {ergonomic}
     uint G1ConcRefinementThreads                  = 6                                         {product} {ergonomic}
   size_t G1HeapRegionSize                         = 2097152                                   {product} {ergonomic}
    uintx GCDrainStackTargetSize                   = 64                                        {product} {ergonomic}
    ccstr HeapDumpPath                             = MojangTricksIntelDriversForPerformance_javaw.exe_minecraft.exe.heapdump         {manageable} {command line}
   size_t InitialHeapSize                          = 268435456                                 {product} {ergonomic}
   size_t MarkStackSize                            = 4194304                                   {product} {ergonomic}
   size_t MaxHeapSize                              = 4282384384                                {product} {ergonomic}
   size_t MaxNewSize                               = 2569011200                                {product} {ergonomic}
   size_t MinHeapDeltaBytes                        = 2097152                                   {product} {ergonomic}
   size_t MinHeapSize                              = 8388608                                   {product} {ergonomic}
    uintx NonNMethodCodeHeapSize                   = 5832780                                {pd product} {ergonomic}
    uintx NonProfiledCodeHeapSize                  = 122912730                              {pd product} {ergonomic}
    uintx ProfiledCodeHeapSize                     = 122912730                              {pd product} {ergonomic}
    uintx ReservedCodeCacheSize                    = 251658240                              {pd product} {ergonomic}
     bool SegmentedCodeCache                       = true                                      {product} {ergonomic}
   size_t SoftMaxHeapSize                          = 4282384384                             {manageable} {ergonomic}
     bool UseCompressedClassPointers               = true                           {product lp64_product} {ergonomic}
     bool UseCompressedOops                        = true                           {product lp64_product} {ergonomic}
     bool UseG1GC                                  = true                                      {product} {ergonomic}
     bool UseLargePagesIndividualAllocation        = false                                  {pd product} {ergonomic}

Logging:
Log output configuration:
 #0: stdout all=warning uptime,level,tags
 #1: stderr all=off uptime,level,tags

Environment Variables:
JAVA_HOME=C:\Program Files\Eclipse Adoptium\jdk-8.0.312.7-hotspot\
PATH=C:\Program Files\Eclipse Adoptium\jdk-17.0.1.12-hotspot\bin;C:\Program Files\Eclipse Adoptium\jdk-8.0.312.7-hotspot\bin;C:\Program Files (x86)\Common Files\Intel\Shared Libraries\redist\intel64_win\compiler;C:\Program Files (x86)\Common Files\Oracle\Java\javapath;C:\Windows\system32;C:\Windows;C:\Windows\System32\Wbem;C:\Windows\System32\WindowsPowerShell\v1.0\;C:\Windows\System32\OpenSSH\;C:\Program Files (x86)\NVIDIA Corporation\PhysX\Common;C:\Program Files\NVIDIA Corporation\NVIDIA NvDLISR;C:\Program Files\Git\cmd;C:\Program Files\dotnet\;C:\Users\Jexel\AppData\Local\Programs\Python\Python39\Scripts\;C:\Users\Jexel\AppData\Local\Programs\Python\Python39\;C:\Users\Jexel\AppData\Local\Programs\Python\Python35\Scripts\;C:\Users\Jexel\AppData\Local\Programs\Python\Python35\;C:\Users\Jexel\AppData\Local\Microsoft\WindowsApps;C:\Program Files\JetBrains\IntelliJ IDEA Community Edition 2021.2.2\bin;;C:\Users\Jexel\AppData\Local\GitHubDesktop\bin;C:\Program Files\JetBrains\IntelliJ IDEA 2020.3.1\bin;;C:\Users\Jexel\.dotnet\tools;C:\Users\Jexel\AppData\Local\Programs\Microsoft VS Code\bin
USERNAME=Jexel
OS=Windows_NT
PROCESSOR_IDENTIFIER=AMD64 Family 23 Model 113 Stepping 0, AuthenticAMD



---------------  S Y S T E M  ---------------

OS:
 Windows 10 , 64 bit Build 19041 (10.0.19041.292)
OS uptime: 0 days 4:08 hours

CPU: total 6 (initial active 6) (6 cores per cpu, 1 threads per core) family 23 model 113 stepping 0 microcode 0x0, cx8, cmov, fxsr, mmx, 3dnowpref, sse, sse2, sse3, ssse3, sse4a, sse4.1, sse4.2, popcnt, lzcnt, tsc, tscinvbit, avx, avx2, aes, clmul, bmi1, bmi2, adx, sha, fma, vzeroupper, clflush, clflushopt

Memory: 4k page, system-wide physical 16332M (4413M free)
TotalPageFile size 19332M (AvailPageFile size 5M)
current process WorkingSet (physical memory assigned to process): 547M, peak: 549M
current process commit charge ("private bytes"): 590M, peak: 593M

vm_info: OpenJDK 64-Bit Server VM (17.0.1+12) for windows-amd64 JRE (17.0.1+12), built on Oct 20 2021 07:42:55 by "" with MS VC++ 16.7 (VS2019)

END.
